INFO  2025-05-15 14:33:47.235   c.d.w.DroneInventorySystemApplication - Starting DroneInventorySystemApplication using Java 17.0.10 with PID 13156 (C:\Users\KoheiNakamura\Desktop\OJT\development-PGcourse-DroneInventorySystem\DroneInventorySystem\target\classes started by KoheiNakamura in C:\Users\KoheiNakamura\Desktop\OJT\development-PGcourse-DroneInventorySystem\DroneInventorySystem)
INFO  2025-05-15 14:33:47.236   c.d.w.DroneInventorySystemApplication - No active profile set, falling back to 1 default profile: "default"
INFO  2025-05-15 14:33:47.264   o.s.b.d.e.DevToolsPropertyDefaultsPostProcessor - Devtools property defaults active! Set 'spring.devtools.add-properties' to 'false' to disable
INFO  2025-05-15 14:33:47.264   o.s.b.d.e.DevToolsPropertyDefaultsPostProcessor - For additional web related logging consider setting the 'logging.level.web' property to 'DEBUG'
INFO  2025-05-15 14:33:48.010   o.s.d.r.c.RepositoryConfigurationDelegate - Bootstrapping Spring Data JPA repositories in DEFAULT mode.
INFO  2025-05-15 14:33:48.057   o.s.d.r.c.RepositoryConfigurationDelegate - Finished Spring Data repository scanning in 41 ms. Found 3 JPA repository interfaces.
INFO  2025-05-15 14:33:48.425   o.s.b.w.e.tomcat.TomcatWebServer - Tomcat initialized with port 8080 (http)
INFO  2025-05-15 14:33:48.431   o.a.coyote.http11.Http11NioProtocol - Initializing ProtocolHandler ["http-nio-8080"]
INFO  2025-05-15 14:33:48.433   o.a.catalina.core.StandardService - Starting service [Tomcat]
INFO  2025-05-15 14:33:48.433   o.a.catalina.core.StandardEngine - Starting Servlet engine: [Apache Tomcat/10.1.28]
INFO  2025-05-15 14:33:48.467   o.a.c.c.C.[Tomcat].[localhost].[/] - Initializing Spring embedded WebApplicationContext
INFO  2025-05-15 14:33:48.467   o.s.b.w.s.c.ServletWebServerApplicationContext - Root WebApplicationContext: initialization completed in 1202 ms
INFO  2025-05-15 14:33:48.486   com.zaxxer.hikari.HikariDataSource - HikariPool-1 - Starting...
INFO  2025-05-15 14:33:48.709   com.zaxxer.hikari.pool.HikariPool - HikariPool-1 - Added connection com.mysql.cj.jdbc.ConnectionImpl@36b6ab5f
INFO  2025-05-15 14:33:48.710   com.zaxxer.hikari.HikariDataSource - HikariPool-1 - Start completed.
INFO  2025-05-15 14:33:48.716   o.s.b.a.h.H2ConsoleAutoConfiguration - H2 console available at '/h2-console'. Database available at 'jdbc:mysql://localhost:3306/stock_mng'
INFO  2025-05-15 14:33:49.027   o.s.o.j.p.SpringPersistenceUnitInfo - No LoadTimeWeaver setup: ignoring JPA class transformer
INFO  2025-05-15 14:33:49.803   o.s.o.j.LocalContainerEntityManagerFactoryBean - Initialized JPA EntityManagerFactory for persistence unit 'default'
INFO  2025-05-15 14:33:49.961   o.s.d.j.r.query.QueryEnhancerFactory - Hibernate is in classpath; If applicable, HQL parser will be used.
WARN  2025-05-15 14:33:50.313   o.s.b.a.o.j.JpaBaseConfiguration$JpaWebConfiguration - spring.jpa.open-in-view is enabled by default. Therefore, database queries may be performed during view rendering. Explicitly configure spring.jpa.open-in-view to disable this warning
INFO  2025-05-15 14:33:50.476   o.s.s.web.DefaultSecurityFilterChain - Will secure any request with [org.springframework.security.web.session.DisableEncodeUrlFilter@62c064e0, org.springframework.security.web.context.request.async.WebAsyncManagerIntegrationFilter@65fdabdc, org.springframework.security.web.context.SecurityContextHolderFilter@12272f28, org.springframework.security.web.header.HeaderWriterFilter@29f3acb3, org.springframework.security.web.csrf.CsrfFilter@680226e2, org.springframework.security.web.authentication.logout.LogoutFilter@299c01cd, org.springframework.security.web.authentication.UsernamePasswordAuthenticationFilter@520dd2e8, org.springframework.security.web.savedrequest.RequestCacheAwareFilter@249671c8, org.springframework.security.web.servletapi.SecurityContextHolderAwareRequestFilter@7083c56a, org.springframework.security.web.authentication.AnonymousAuthenticationFilter@595baf19, org.springframework.security.web.access.ExceptionTranslationFilter@34077edb, org.springframework.security.web.access.intercept.AuthorizationFilter@17b2010d]
INFO  2025-05-15 14:33:50.625   o.s.b.d.a.OptionalLiveReloadServer - LiveReload server is running on port 35729
INFO  2025-05-15 14:33:50.636   o.a.coyote.http11.Http11NioProtocol - Starting ProtocolHandler ["http-nio-8080"]
INFO  2025-05-15 14:33:50.648   o.s.b.w.e.tomcat.TomcatWebServer - Tomcat started on port 8080 (http) with context path ''
INFO  2025-05-15 14:33:50.655   c.d.w.DroneInventorySystemApplication - Started DroneInventorySystemApplication in 3.631 seconds (process running for 4.114)
INFO  2025-05-15 14:34:09.513   o.a.c.c.C.[Tomcat].[localhost].[/] - Initializing Spring DispatcherServlet 'dispatcherServlet'
INFO  2025-05-15 14:34:09.513   o.s.web.servlet.DispatcherServlet - Initializing Servlet 'dispatcherServlet'
INFO  2025-05-15 14:34:09.514   o.s.web.servlet.DispatcherServlet - Completed initialization in 1 ms
INFO  2025-05-15 14:34:09.540 0:0:0:0:0:0:0:1 anonymousUser c.d.w.controller.AbstractController - ACCESS: /login
INFO  2025-05-15 14:34:09.541 0:0:0:0:0:0:0:1 anonymousUser c.d.w.controller.AbstractController - APP: GET - index - START
INFO  2025-05-15 14:34:09.542 0:0:0:0:0:0:0:1 anonymousUser c.d.w.controller.AbstractController - APP: GET - index - END
INFO  2025-05-15 14:34:09.756 0:0:0:0:0:0:0:1 anonymousUser c.d.w.controller.AbstractController - ACCESS: /login
INFO  2025-05-15 14:34:09.756 0:0:0:0:0:0:0:1 anonymousUser c.d.w.controller.AbstractController - APP: GET - index - START
INFO  2025-05-15 14:34:09.756 0:0:0:0:0:0:0:1 anonymousUser c.d.w.controller.AbstractController - APP: GET - index - END
INFO  2025-05-15 14:34:09.950 0:0:0:0:0:0:0:1 anonymousUser c.d.w.controller.AbstractController - ACCESS: /login
INFO  2025-05-15 14:34:09.950 0:0:0:0:0:0:0:1 anonymousUser c.d.w.controller.AbstractController - APP: GET - index - START
INFO  2025-05-15 14:34:09.950 0:0:0:0:0:0:0:1 anonymousUser c.d.w.controller.AbstractController - APP: GET - index - END
INFO  2025-05-15 14:34:58.695   o.s.b.a.SpringApplicationAdminMXBeanRegistrar$SpringApplicationAdmin - Application shutdown requested.
INFO  2025-05-15 14:34:58.697   o.a.coyote.http11.Http11NioProtocol - Stopping ProtocolHandler ["http-nio-8080"]
INFO  2025-05-15 14:34:58.723   o.s.o.j.LocalContainerEntityManagerFactoryBean - Closing JPA EntityManagerFactory for persistence unit 'default'
INFO  2025-05-15 14:34:58.725   com.zaxxer.hikari.HikariDataSource - HikariPool-1 - Shutdown initiated...
INFO  2025-05-15 14:34:58.729   com.zaxxer.hikari.HikariDataSource - HikariPool-1 - Shutdown completed.
INFO  2025-05-15 14:38:58.697   c.d.w.DroneInventorySystemApplication - Starting DroneInventorySystemApplication using Java 17.0.10 with PID 6220 (C:\Users\KoheiNakamura\Desktop\OJT\development-PGcourse-DroneInventorySystem\DroneInventorySystem\target\classes started by KoheiNakamura in C:\Users\KoheiNakamura\Desktop\OJT\development-PGcourse-DroneInventorySystem\DroneInventorySystem)
INFO  2025-05-15 14:38:58.698   c.d.w.DroneInventorySystemApplication - No active profile set, falling back to 1 default profile: "default"
INFO  2025-05-15 14:38:58.724   o.s.b.d.e.DevToolsPropertyDefaultsPostProcessor - Devtools property defaults active! Set 'spring.devtools.add-properties' to 'false' to disable
INFO  2025-05-15 14:38:58.724   o.s.b.d.e.DevToolsPropertyDefaultsPostProcessor - For additional web related logging consider setting the 'logging.level.web' property to 'DEBUG'
INFO  2025-05-15 14:38:59.158   o.s.d.r.c.RepositoryConfigurationDelegate - Bootstrapping Spring Data JPA repositories in DEFAULT mode.
INFO  2025-05-15 14:38:59.197   o.s.d.r.c.RepositoryConfigurationDelegate - Finished Spring Data repository scanning in 35 ms. Found 3 JPA repository interfaces.
INFO  2025-05-15 14:38:59.551   o.s.b.w.e.tomcat.TomcatWebServer - Tomcat initialized with port 8080 (http)
INFO  2025-05-15 14:38:59.557   o.a.coyote.http11.Http11NioProtocol - Initializing ProtocolHandler ["http-nio-8080"]
INFO  2025-05-15 14:38:59.559   o.a.catalina.core.StandardService - Starting service [Tomcat]
INFO  2025-05-15 14:38:59.560   o.a.catalina.core.StandardEngine - Starting Servlet engine: [Apache Tomcat/10.1.28]
INFO  2025-05-15 14:38:59.593   o.a.c.c.C.[Tomcat].[localhost].[/] - Initializing Spring embedded WebApplicationContext
INFO  2025-05-15 14:38:59.593   o.s.b.w.s.c.ServletWebServerApplicationContext - Root WebApplicationContext: initialization completed in 869 ms
INFO  2025-05-15 14:38:59.612   com.zaxxer.hikari.HikariDataSource - HikariPool-1 - Starting...
INFO  2025-05-15 14:38:59.787   com.zaxxer.hikari.pool.HikariPool - HikariPool-1 - Added connection com.mysql.cj.jdbc.ConnectionImpl@701cf474
INFO  2025-05-15 14:38:59.788   com.zaxxer.hikari.HikariDataSource - HikariPool-1 - Start completed.
INFO  2025-05-15 14:38:59.794   o.s.b.a.h.H2ConsoleAutoConfiguration - H2 console available at '/h2-console'. Database available at 'jdbc:mysql://localhost:3306/stock_mng'
INFO  2025-05-15 14:39:00.106   o.s.o.j.p.SpringPersistenceUnitInfo - No LoadTimeWeaver setup: ignoring JPA class transformer
INFO  2025-05-15 14:39:00.773   o.s.o.j.LocalContainerEntityManagerFactoryBean - Initialized JPA EntityManagerFactory for persistence unit 'default'
INFO  2025-05-15 14:39:00.926   o.s.d.j.r.query.QueryEnhancerFactory - Hibernate is in classpath; If applicable, HQL parser will be used.
WARN  2025-05-15 14:39:01.267   o.s.b.a.o.j.JpaBaseConfiguration$JpaWebConfiguration - spring.jpa.open-in-view is enabled by default. Therefore, database queries may be performed during view rendering. Explicitly configure spring.jpa.open-in-view to disable this warning
INFO  2025-05-15 14:39:01.433   o.s.s.web.DefaultSecurityFilterChain - Will secure any request with [org.springframework.security.web.session.DisableEncodeUrlFilter@326081c8, org.springframework.security.web.context.request.async.WebAsyncManagerIntegrationFilter@36d50fe7, org.springframework.security.web.context.SecurityContextHolderFilter@73b74838, org.springframework.security.web.header.HeaderWriterFilter@44299048, org.springframework.security.web.csrf.CsrfFilter@46fcd1bf, org.springframework.security.web.authentication.logout.LogoutFilter@211e94ad, org.springframework.security.web.authentication.UsernamePasswordAuthenticationFilter@40a6e3c9, org.springframework.security.web.savedrequest.RequestCacheAwareFilter@4ebc2e57, org.springframework.security.web.servletapi.SecurityContextHolderAwareRequestFilter@27f4347d, org.springframework.security.web.authentication.AnonymousAuthenticationFilter@419a0a5f, org.springframework.security.web.access.ExceptionTranslationFilter@3f9d6e35, org.springframework.security.web.access.intercept.AuthorizationFilter@7f7f69da]
INFO  2025-05-15 14:39:01.584   o.s.b.d.a.OptionalLiveReloadServer - LiveReload server is running on port 35729
INFO  2025-05-15 14:39:01.596   o.a.coyote.http11.Http11NioProtocol - Starting ProtocolHandler ["http-nio-8080"]
INFO  2025-05-15 14:39:01.606   o.s.b.w.e.tomcat.TomcatWebServer - Tomcat started on port 8080 (http) with context path ''
INFO  2025-05-15 14:39:01.612   c.d.w.DroneInventorySystemApplication - Started DroneInventorySystemApplication in 3.12 seconds (process running for 3.584)
INFO  2025-05-15 14:39:12.510   o.a.c.c.C.[Tomcat].[localhost].[/] - Initializing Spring DispatcherServlet 'dispatcherServlet'
INFO  2025-05-15 14:39:12.511   o.s.web.servlet.DispatcherServlet - Initializing Servlet 'dispatcherServlet'
INFO  2025-05-15 14:39:12.512   o.s.web.servlet.DispatcherServlet - Completed initialization in 1 ms
INFO  2025-05-15 14:39:13.823 0:0:0:0:0:0:0:1 dotlife c.d.w.controller.AbstractController - ACCESS: /login
INFO  2025-05-15 14:39:13.826 0:0:0:0:0:0:0:1 dotlife c.d.w.controller.AbstractController - APP: GET - index - START
INFO  2025-05-15 14:39:13.826 0:0:0:0:0:0:0:1 dotlife c.d.w.controller.AbstractController - APP: GET - index - END
WARN  2025-05-15 14:39:13.852 0:0:0:0:0:0:0:1 dotlife o.s.w.s.m.m.a.ExceptionHandlerExceptionResolver - Resolved [org.springframework.web.servlet.resource.NoResourceFoundException: No static resource favicon.ico.]
ERROR 2025-05-15 14:39:13.867 0:0:0:0:0:0:0:1 dotlife c.d.w.controller.AbstractController - ERROR: GET - handleError - No static resource favicon.ico.
INFO  2025-05-15 14:39:24.791 0:0:0:0:0:0:0:1 dotlife c.d.w.controller.AbstractController - ACCESS: /admin/centerInfo
INFO  2025-05-15 14:39:24.792 0:0:0:0:0:0:0:1 dotlife c.d.w.controller.AbstractController - APP: GET - index - START
INFO  2025-05-15 14:39:24.830 0:0:0:0:0:0:0:1 dotlife c.d.w.controller.AbstractController - APP: GET - index - END
INFO  2025-05-15 14:39:25.663 0:0:0:0:0:0:0:1 dotlife c.d.w.controller.AbstractController - ACCESS: /admin/operationLog
INFO  2025-05-15 14:39:25.663 0:0:0:0:0:0:0:1 dotlife c.d.w.controller.AbstractController - APP: GET - index - START
INFO  2025-05-15 14:39:25.765 0:0:0:0:0:0:0:1 dotlife c.d.w.controller.AbstractController - APP: GET - index - END
INFO  2025-05-15 14:39:26.602 0:0:0:0:0:0:0:1 dotlife c.d.w.controller.AbstractController - ACCESS: /admin/centerInfo
INFO  2025-05-15 14:39:26.602 0:0:0:0:0:0:0:1 dotlife c.d.w.controller.AbstractController - APP: GET - index - START
INFO  2025-05-15 14:39:26.608 0:0:0:0:0:0:0:1 dotlife c.d.w.controller.AbstractController - APP: GET - index - END
INFO  2025-05-15 14:39:28.421 0:0:0:0:0:0:0:1 dotlife c.d.w.controller.AbstractController - ACCESS: /admin/operationLog
INFO  2025-05-15 14:39:28.421 0:0:0:0:0:0:0:1 dotlife c.d.w.controller.AbstractController - APP: GET - index - START
INFO  2025-05-15 14:39:28.486 0:0:0:0:0:0:0:1 dotlife c.d.w.controller.AbstractController - APP: GET - index - END
INFO  2025-05-15 14:40:15.096 0:0:0:0:0:0:0:1 dotlife c.d.w.controller.AbstractController - ACCESS: /login
INFO  2025-05-15 14:40:15.096 0:0:0:0:0:0:0:1 dotlife c.d.w.controller.AbstractController - APP: GET - index - START
INFO  2025-05-15 14:40:15.096 0:0:0:0:0:0:0:1 dotlife c.d.w.controller.AbstractController - APP: GET - index - END
WARN  2025-05-15 14:40:15.134 0:0:0:0:0:0:0:1 dotlife o.s.w.s.m.m.a.ExceptionHandlerExceptionResolver - Resolved [org.springframework.web.servlet.resource.NoResourceFoundException: No static resource favicon.ico.]
ERROR 2025-05-15 14:40:15.137 0:0:0:0:0:0:0:1 dotlife c.d.w.controller.AbstractController - ERROR: GET - handleError - No static resource favicon.ico.
INFO  2025-05-15 16:22:46.070 0:0:0:0:0:0:0:1 dotlife c.d.w.controller.AbstractController - ACCESS: /admin/centerInfo
INFO  2025-05-15 16:22:46.071 0:0:0:0:0:0:0:1 dotlife c.d.w.controller.AbstractController - APP: GET - index - START
INFO  2025-05-15 16:22:46.078 0:0:0:0:0:0:0:1 dotlife c.d.w.controller.AbstractController - APP: GET - index - END
INFO  2025-05-15 21:17:40.264   o.s.b.a.SpringApplicationAdminMXBeanRegistrar$SpringApplicationAdmin - Application shutdown requested.
INFO  2025-05-15 21:17:40.267   o.a.coyote.http11.Http11NioProtocol - Stopping ProtocolHandler ["http-nio-8080"]
INFO  2025-05-15 21:17:40.292   o.s.o.j.LocalContainerEntityManagerFactoryBean - Closing JPA EntityManagerFactory for persistence unit 'default'
INFO  2025-05-15 21:17:40.295   com.zaxxer.hikari.HikariDataSource - HikariPool-1 - Shutdown initiated...
INFO  2025-05-15 21:17:40.298   com.zaxxer.hikari.HikariDataSource - HikariPool-1 - Shutdown completed.
