INFO  2025-04-23 13:39:08.994   c.d.w.DroneInventorySystemApplication - Starting DroneInventorySystemApplication using Java 17.0.10 with PID 5368 (C:\Users\s-sasagawa\Desktop\DOJT研修\Project\development-PGcourse-DroneInventorySystem\DroneInventorySystem\target\classes started by s-sasagawa in C:\Users\s-sasagawa\Desktop\DOJT研修\Project\development-PGcourse-DroneInventorySystem\DroneInventorySystem)
INFO  2025-04-23 13:39:08.996   c.d.w.DroneInventorySystemApplication - No active profile set, falling back to 1 default profile: "default"
INFO  2025-04-23 13:39:09.041   o.s.b.d.e.DevToolsPropertyDefaultsPostProcessor - Devtools property defaults active! Set 'spring.devtools.add-properties' to 'false' to disable
INFO  2025-04-23 13:39:09.042   o.s.b.d.e.DevToolsPropertyDefaultsPostProcessor - For additional web related logging consider setting the 'logging.level.web' property to 'DEBUG'
INFO  2025-04-23 13:39:09.667   o.s.d.r.c.RepositoryConfigurationDelegate - Bootstrapping Spring Data JPA repositories in DEFAULT mode.
INFO  2025-04-23 13:39:09.729   o.s.d.r.c.RepositoryConfigurationDelegate - Finished Spring Data repository scanning in 53 ms. Found 4 JPA repository interfaces.
INFO  2025-04-23 13:39:10.201   o.s.b.w.e.tomcat.TomcatWebServer - Tomcat initialized with port 8080 (http)
INFO  2025-04-23 13:39:10.210   o.a.coyote.http11.Http11NioProtocol - Initializing ProtocolHandler ["http-nio-8080"]
INFO  2025-04-23 13:39:10.213   o.a.catalina.core.StandardService - Starting service [Tomcat]
INFO  2025-04-23 13:39:10.213   o.a.catalina.core.StandardEngine - Starting Servlet engine: [Apache Tomcat/10.1.28]
INFO  2025-04-23 13:39:10.258   o.a.c.c.C.[Tomcat].[localhost].[/] - Initializing Spring embedded WebApplicationContext
INFO  2025-04-23 13:39:10.259   o.s.b.w.s.c.ServletWebServerApplicationContext - Root WebApplicationContext: initialization completed in 1217 ms
INFO  2025-04-23 13:39:10.286   com.zaxxer.hikari.HikariDataSource - HikariPool-1 - Starting...
INFO  2025-04-23 13:39:10.512   com.zaxxer.hikari.pool.HikariPool - HikariPool-1 - Added connection com.mysql.cj.jdbc.ConnectionImpl@7fde2850
INFO  2025-04-23 13:39:10.513   com.zaxxer.hikari.HikariDataSource - HikariPool-1 - Start completed.
INFO  2025-04-23 13:39:10.520   o.s.b.a.h.H2ConsoleAutoConfiguration - H2 console available at '/h2-console'. Database available at 'jdbc:mysql://localhost:3306/stock_mng'
INFO  2025-04-23 13:39:10.965   o.s.o.j.p.SpringPersistenceUnitInfo - No LoadTimeWeaver setup: ignoring JPA class transformer
INFO  2025-04-23 13:39:11.881   o.s.o.j.LocalContainerEntityManagerFactoryBean - Initialized JPA EntityManagerFactory for persistence unit 'default'
INFO  2025-04-23 13:39:12.094   o.s.d.j.r.query.QueryEnhancerFactory - Hibernate is in classpath; If applicable, HQL parser will be used.
WARN  2025-04-23 13:39:12.547   o.s.b.a.o.j.JpaBaseConfiguration$JpaWebConfiguration - spring.jpa.open-in-view is enabled by default. Therefore, database queries may be performed during view rendering. Explicitly configure spring.jpa.open-in-view to disable this warning
INFO  2025-04-23 13:39:12.768   o.s.s.web.DefaultSecurityFilterChain - Will secure any request with [org.springframework.security.web.session.DisableEncodeUrlFilter@219d215d, org.springframework.security.web.context.request.async.WebAsyncManagerIntegrationFilter@43d31a35, org.springframework.security.web.context.SecurityContextHolderFilter@3f87deb0, org.springframework.security.web.header.HeaderWriterFilter@7e496f33, org.springframework.security.web.csrf.CsrfFilter@14a2f34, org.springframework.security.web.authentication.logout.LogoutFilter@63045feb, org.springframework.security.web.authentication.UsernamePasswordAuthenticationFilter@d617f06, org.springframework.security.web.savedrequest.RequestCacheAwareFilter@8a82c9e, org.springframework.security.web.servletapi.SecurityContextHolderAwareRequestFilter@63f9b7ac, org.springframework.security.web.authentication.AnonymousAuthenticationFilter@45ccd406, org.springframework.security.web.access.ExceptionTranslationFilter@27104b96, org.springframework.security.web.access.intercept.AuthorizationFilter@5436c358]
INFO  2025-04-23 13:39:12.979   o.s.b.d.a.OptionalLiveReloadServer - LiveReload server is running on port 35729
INFO  2025-04-23 13:39:12.994   o.a.coyote.http11.Http11NioProtocol - Starting ProtocolHandler ["http-nio-8080"]
INFO  2025-04-23 13:39:13.014   o.s.b.w.e.tomcat.TomcatWebServer - Tomcat started on port 8080 (http) with context path ''
INFO  2025-04-23 13:39:13.022   c.d.w.DroneInventorySystemApplication - Started DroneInventorySystemApplication in 4.284 seconds (process running for 4.853)
INFO  2025-04-23 13:39:16.913   o.a.c.c.C.[Tomcat].[localhost].[/] - Initializing Spring DispatcherServlet 'dispatcherServlet'
INFO  2025-04-23 13:39:16.913   o.s.web.servlet.DispatcherServlet - Initializing Servlet 'dispatcherServlet'
INFO  2025-04-23 13:39:16.915   o.s.web.servlet.DispatcherServlet - Completed initialization in 2 ms
INFO  2025-04-23 13:39:16.995 0:0:0:0:0:0:0:1 anonymousUser c.d.w.controller.AbstractController - ACCESS: /login
INFO  2025-04-23 13:39:16.998 0:0:0:0:0:0:0:1 anonymousUser c.d.w.controller.AbstractController - APP: GET - index - START
INFO  2025-04-23 13:39:16.998 0:0:0:0:0:0:0:1 anonymousUser c.d.w.controller.AbstractController - APP: GET - index - END
INFO  2025-04-23 13:39:33.353 0:0:0:0:0:0:0:1 anonymousUser c.d.w.controller.AbstractController - ACCESS: /login
INFO  2025-04-23 13:39:33.353 0:0:0:0:0:0:0:1 anonymousUser c.d.w.controller.AbstractController - APP: GET - index - START
INFO  2025-04-23 13:39:33.353 0:0:0:0:0:0:0:1 anonymousUser c.d.w.controller.AbstractController - APP: GET - index - END
INFO  2025-04-23 13:40:05.002 0:0:0:0:0:0:0:1 anonymousUser c.d.w.controller.AbstractController - ACCESS: /login
INFO  2025-04-23 13:40:05.002 0:0:0:0:0:0:0:1 anonymousUser c.d.w.controller.AbstractController - APP: GET - index - START
INFO  2025-04-23 13:40:05.003 0:0:0:0:0:0:0:1 anonymousUser c.d.w.controller.AbstractController - APP: GET - index - END
INFO  2025-04-23 13:40:05.051 0:0:0:0:0:0:0:1 anonymousUser c.d.w.controller.AbstractController - ACCESS: /login
INFO  2025-04-23 13:40:05.052 0:0:0:0:0:0:0:1 anonymousUser c.d.w.controller.AbstractController - APP: GET - index - START
INFO  2025-04-23 13:40:05.052 0:0:0:0:0:0:0:1 anonymousUser c.d.w.controller.AbstractController - APP: GET - index - END
INFO  2025-04-23 13:40:05.081 0:0:0:0:0:0:0:1 anonymousUser c.d.w.controller.AbstractController - ACCESS: /login
INFO  2025-04-23 13:40:05.081 0:0:0:0:0:0:0:1 anonymousUser c.d.w.controller.AbstractController - APP: GET - index - START
INFO  2025-04-23 13:40:05.081 0:0:0:0:0:0:0:1 anonymousUser c.d.w.controller.AbstractController - APP: GET - index - END
INFO  2025-04-23 13:40:47.452 0:0:0:0:0:0:0:1 anonymousUser c.d.w.controller.AbstractController - ACCESS: /login
INFO  2025-04-23 13:40:47.452 0:0:0:0:0:0:0:1 anonymousUser c.d.w.controller.AbstractController - APP: GET - error - START
ERROR 2025-04-23 13:40:47.452 0:0:0:0:0:0:0:1 anonymousUser c.d.w.controller.AbstractController - ERROR: GET - error - ログインIDまたはパスワードが不正です。
INFO  2025-04-23 13:40:47.453 0:0:0:0:0:0:0:1 anonymousUser c.d.w.controller.AbstractController - APP: GET - error - END
INFO  2025-04-23 13:40:47.485 0:0:0:0:0:0:0:1 anonymousUser c.d.w.controller.AbstractController - ACCESS: /login
INFO  2025-04-23 13:40:47.486 0:0:0:0:0:0:0:1 anonymousUser c.d.w.controller.AbstractController - APP: GET - index - START
INFO  2025-04-23 13:40:47.486 0:0:0:0:0:0:0:1 anonymousUser c.d.w.controller.AbstractController - APP: GET - index - END
INFO  2025-04-23 13:40:47.502 0:0:0:0:0:0:0:1 anonymousUser c.d.w.controller.AbstractController - ACCESS: /login
INFO  2025-04-23 13:40:47.502 0:0:0:0:0:0:0:1 anonymousUser c.d.w.controller.AbstractController - APP: GET - index - START
INFO  2025-04-23 13:40:47.502 0:0:0:0:0:0:0:1 anonymousUser c.d.w.controller.AbstractController - APP: GET - index - END
INFO  2025-04-23 13:41:16.925 0:0:0:0:0:0:0:1 anonymousUser c.d.w.controller.AbstractController - ACCESS: /login
INFO  2025-04-23 13:41:16.925 0:0:0:0:0:0:0:1 anonymousUser c.d.w.controller.AbstractController - APP: GET - error - START
ERROR 2025-04-23 13:41:16.926 0:0:0:0:0:0:0:1 anonymousUser c.d.w.controller.AbstractController - ERROR: GET - error - ログインIDまたはパスワードが不正です。
INFO  2025-04-23 13:41:16.926 0:0:0:0:0:0:0:1 anonymousUser c.d.w.controller.AbstractController - APP: GET - error - END
INFO  2025-04-23 13:41:16.953 0:0:0:0:0:0:0:1 anonymousUser c.d.w.controller.AbstractController - ACCESS: /login
INFO  2025-04-23 13:41:16.953 0:0:0:0:0:0:0:1 anonymousUser c.d.w.controller.AbstractController - APP: GET - index - START
INFO  2025-04-23 13:41:16.953 0:0:0:0:0:0:0:1 anonymousUser c.d.w.controller.AbstractController - APP: GET - index - END
INFO  2025-04-23 13:41:16.970 0:0:0:0:0:0:0:1 anonymousUser c.d.w.controller.AbstractController - ACCESS: /login
INFO  2025-04-23 13:41:16.970 0:0:0:0:0:0:0:1 anonymousUser c.d.w.controller.AbstractController - APP: GET - index - START
INFO  2025-04-23 13:41:16.971 0:0:0:0:0:0:0:1 anonymousUser c.d.w.controller.AbstractController - APP: GET - index - END
INFO  2025-04-23 13:41:19.451 0:0:0:0:0:0:0:1 anonymousUser c.d.w.controller.AbstractController - ACCESS: /login
INFO  2025-04-23 13:41:19.451 0:0:0:0:0:0:0:1 anonymousUser c.d.w.controller.AbstractController - APP: GET - index - START
INFO  2025-04-23 13:41:19.451 0:0:0:0:0:0:0:1 anonymousUser c.d.w.controller.AbstractController - APP: GET - index - END
INFO  2025-04-23 13:41:31.198 0:0:0:0:0:0:0:1 anonymousUser c.d.w.controller.AbstractController - ACCESS: /login
INFO  2025-04-23 13:41:31.198 0:0:0:0:0:0:0:1 anonymousUser c.d.w.controller.AbstractController - APP: GET - error - START
ERROR 2025-04-23 13:41:31.198 0:0:0:0:0:0:0:1 anonymousUser c.d.w.controller.AbstractController - ERROR: GET - error - ログインIDまたはパスワードが不正です。
INFO  2025-04-23 13:41:31.198 0:0:0:0:0:0:0:1 anonymousUser c.d.w.controller.AbstractController - APP: GET - error - END
INFO  2025-04-23 13:41:31.226 0:0:0:0:0:0:0:1 anonymousUser c.d.w.controller.AbstractController - ACCESS: /login
INFO  2025-04-23 13:41:31.226 0:0:0:0:0:0:0:1 anonymousUser c.d.w.controller.AbstractController - APP: GET - index - START
INFO  2025-04-23 13:41:31.226 0:0:0:0:0:0:0:1 anonymousUser c.d.w.controller.AbstractController - APP: GET - index - END
INFO  2025-04-23 13:41:31.241 0:0:0:0:0:0:0:1 anonymousUser c.d.w.controller.AbstractController - ACCESS: /login
INFO  2025-04-23 13:41:31.241 0:0:0:0:0:0:0:1 anonymousUser c.d.w.controller.AbstractController - APP: GET - index - START
INFO  2025-04-23 13:41:31.241 0:0:0:0:0:0:0:1 anonymousUser c.d.w.controller.AbstractController - APP: GET - index - END
INFO  2025-04-23 13:41:56.395 0:0:0:0:0:0:0:1 anonymousUser c.d.w.controller.AbstractController - ACCESS: /login
INFO  2025-04-23 13:41:56.395 0:0:0:0:0:0:0:1 anonymousUser c.d.w.controller.AbstractController - APP: GET - error - START
ERROR 2025-04-23 13:41:56.396 0:0:0:0:0:0:0:1 anonymousUser c.d.w.controller.AbstractController - ERROR: GET - error - ログインIDまたはパスワードが不正です。
INFO  2025-04-23 13:41:56.396 0:0:0:0:0:0:0:1 anonymousUser c.d.w.controller.AbstractController - APP: GET - error - END
INFO  2025-04-23 13:41:56.422 0:0:0:0:0:0:0:1 anonymousUser c.d.w.controller.AbstractController - ACCESS: /login
INFO  2025-04-23 13:41:56.422 0:0:0:0:0:0:0:1 anonymousUser c.d.w.controller.AbstractController - APP: GET - index - START
INFO  2025-04-23 13:41:56.422 0:0:0:0:0:0:0:1 anonymousUser c.d.w.controller.AbstractController - APP: GET - index - END
INFO  2025-04-23 13:41:56.435 0:0:0:0:0:0:0:1 anonymousUser c.d.w.controller.AbstractController - ACCESS: /login
INFO  2025-04-23 13:41:56.436 0:0:0:0:0:0:0:1 anonymousUser c.d.w.controller.AbstractController - APP: GET - index - START
INFO  2025-04-23 13:41:56.436 0:0:0:0:0:0:0:1 anonymousUser c.d.w.controller.AbstractController - APP: GET - index - END
ERROR 2025-04-23 13:41:57.761   c.d.w.s.CustomUserDetailsService - ログインIDが不正です: 
ERROR 2025-04-23 13:41:57.846   c.d.w.s.CustomUserDetailsService - ログインIDが不正です: 
ERROR 2025-04-23 13:41:57.923   c.d.w.s.CustomUserDetailsService - ログインIDが不正です: 
ERROR 2025-04-23 13:41:58.002   c.d.w.s.CustomUserDetailsService - ログインIDが不正です: 
INFO  2025-04-23 13:41:58.087 0:0:0:0:0:0:0:1 anonymousUser c.d.w.controller.AbstractController - ACCESS: /login
INFO  2025-04-23 13:41:58.087 0:0:0:0:0:0:0:1 anonymousUser c.d.w.controller.AbstractController - APP: GET - error - START
ERROR 2025-04-23 13:41:58.087 0:0:0:0:0:0:0:1 anonymousUser c.d.w.controller.AbstractController - ERROR: GET - error - ログインIDまたはパスワードが不正です。
INFO  2025-04-23 13:41:58.087 0:0:0:0:0:0:0:1 anonymousUser c.d.w.controller.AbstractController - APP: GET - error - END
INFO  2025-04-23 13:41:58.112 0:0:0:0:0:0:0:1 anonymousUser c.d.w.controller.AbstractController - ACCESS: /login
INFO  2025-04-23 13:41:58.112 0:0:0:0:0:0:0:1 anonymousUser c.d.w.controller.AbstractController - APP: GET - index - START
INFO  2025-04-23 13:41:58.112 0:0:0:0:0:0:0:1 anonymousUser c.d.w.controller.AbstractController - APP: GET - index - END
INFO  2025-04-23 13:41:58.130 0:0:0:0:0:0:0:1 anonymousUser c.d.w.controller.AbstractController - ACCESS: /login
INFO  2025-04-23 13:41:58.130 0:0:0:0:0:0:0:1 anonymousUser c.d.w.controller.AbstractController - APP: GET - index - START
INFO  2025-04-23 13:41:58.130 0:0:0:0:0:0:0:1 anonymousUser c.d.w.controller.AbstractController - APP: GET - index - END
WARN  2025-04-23 15:03:54.840   com.zaxxer.hikari.pool.PoolBase - HikariPool-1 - Failed to validate connection com.mysql.cj.jdbc.ConnectionImpl@22768db8 (No operations allowed after connection closed.). Possibly consider using a shorter maxLifetime value.
WARN  2025-04-23 15:03:54.845   com.zaxxer.hikari.pool.PoolBase - HikariPool-1 - Failed to validate connection com.mysql.cj.jdbc.ConnectionImpl@4083ae30 (No operations allowed after connection closed.). Possibly consider using a shorter maxLifetime value.
WARN  2025-04-23 15:03:54.846   com.zaxxer.hikari.pool.PoolBase - HikariPool-1 - Failed to validate connection com.mysql.cj.jdbc.ConnectionImpl@8c17014 (No operations allowed after connection closed.). Possibly consider using a shorter maxLifetime value.
WARN  2025-04-23 15:03:54.847   com.zaxxer.hikari.pool.PoolBase - HikariPool-1 - Failed to validate connection com.mysql.cj.jdbc.ConnectionImpl@1e4c37f9 (No operations allowed after connection closed.). Possibly consider using a shorter maxLifetime value.
WARN  2025-04-23 15:03:54.849   com.zaxxer.hikari.pool.PoolBase - HikariPool-1 - Failed to validate connection com.mysql.cj.jdbc.ConnectionImpl@50ae4cc9 (No operations allowed after connection closed.). Possibly consider using a shorter maxLifetime value.
WARN  2025-04-23 15:03:54.850   com.zaxxer.hikari.pool.PoolBase - HikariPool-1 - Failed to validate connection com.mysql.cj.jdbc.ConnectionImpl@d018ac2 (No operations allowed after connection closed.). Possibly consider using a shorter maxLifetime value.
WARN  2025-04-23 15:03:54.851   com.zaxxer.hikari.pool.PoolBase - HikariPool-1 - Failed to validate connection com.mysql.cj.jdbc.ConnectionImpl@ec30aa6 (No operations allowed after connection closed.). Possibly consider using a shorter maxLifetime value.
WARN  2025-04-23 15:03:54.852   com.zaxxer.hikari.pool.PoolBase - HikariPool-1 - Failed to validate connection com.mysql.cj.jdbc.ConnectionImpl@714f0778 (No operations allowed after connection closed.). Possibly consider using a shorter maxLifetime value.
WARN  2025-04-23 15:03:54.853   com.zaxxer.hikari.pool.PoolBase - HikariPool-1 - Failed to validate connection com.mysql.cj.jdbc.ConnectionImpl@5325c59c (No operations allowed after connection closed.). Possibly consider using a shorter maxLifetime value.
WARN  2025-04-23 15:03:54.856   com.zaxxer.hikari.pool.PoolBase - HikariPool-1 - Failed to validate connection com.mysql.cj.jdbc.ConnectionImpl@52f312a0 (No operations allowed after connection closed.). Possibly consider using a shorter maxLifetime value.
INFO  2025-04-23 15:04:14.347 0:0:0:0:0:0:0:1 dotlife c.d.w.controller.AbstractController - ACCESS: /admin/partsCategory
INFO  2025-04-23 15:04:14.348 0:0:0:0:0:0:0:1 dotlife c.d.w.controller.AbstractController - APP: GET - index - START
INFO  2025-04-23 15:04:14.562 0:0:0:0:0:0:0:1 dotlife c.d.w.controller.AbstractController - APP: GET - index - END
INFO  2025-04-23 15:04:51.538   o.s.b.a.SpringApplicationAdminMXBeanRegistrar$SpringApplicationAdmin - Application shutdown requested.
INFO  2025-04-23 15:04:51.546   o.a.coyote.http11.Http11NioProtocol - Stopping ProtocolHandler ["http-nio-8080"]
INFO  2025-04-23 15:04:51.837   o.s.o.j.LocalContainerEntityManagerFactoryBean - Closing JPA EntityManagerFactory for persistence unit 'default'
INFO  2025-04-23 15:04:51.849   com.zaxxer.hikari.HikariDataSource - HikariPool-1 - Shutdown initiated...
INFO  2025-04-23 15:04:51.861   com.zaxxer.hikari.HikariDataSource - HikariPool-1 - Shutdown completed.
