INFO  2025-05-19 16:29:52.494   c.d.w.DroneInventorySystemApplication - Starting DroneInventorySystemApplication using Java 17.0.10 with PID 20040 (C:\Users\s-sasagawa\Desktop\DOJT研修\Project\development-PGcourse-DroneInventorySystem\DroneInventorySystem\target\classes started by s-sasagawa in C:\Users\s-sasagawa\Desktop\DOJT研修\Project\development-PGcourse-DroneInventorySystem\DroneInventorySystem)
INFO  2025-05-19 16:29:52.496   c.d.w.DroneInventorySystemApplication - No active profile set, falling back to 1 default profile: "default"
INFO  2025-05-19 16:29:52.555   o.s.b.d.e.DevToolsPropertyDefaultsPostProcessor - Devtools property defaults active! Set 'spring.devtools.add-properties' to 'false' to disable
INFO  2025-05-19 16:29:52.555   o.s.b.d.e.DevToolsPropertyDefaultsPostProcessor - For additional web related logging consider setting the 'logging.level.web' property to 'DEBUG'
INFO  2025-05-19 16:29:53.307   o.s.d.r.c.RepositoryConfigurationDelegate - Bootstrapping Spring Data JPA repositories in DEFAULT mode.
INFO  2025-05-19 16:29:53.362   o.s.d.r.c.RepositoryConfigurationDelegate - Finished Spring Data repository scanning in 47 ms. Found 4 JPA repository interfaces.
INFO  2025-05-19 16:29:53.814   o.s.b.w.e.tomcat.TomcatWebServer - Tomcat initialized with port 8080 (http)
INFO  2025-05-19 16:29:53.824   o.a.coyote.http11.Http11NioProtocol - Initializing ProtocolHandler ["http-nio-8080"]
INFO  2025-05-19 16:29:53.826   o.a.catalina.core.StandardService - Starting service [Tomcat]
INFO  2025-05-19 16:29:53.827   o.a.catalina.core.StandardEngine - Starting Servlet engine: [Apache Tomcat/10.1.28]
INFO  2025-05-19 16:29:53.871   o.a.c.c.C.[Tomcat].[localhost].[/] - Initializing Spring embedded WebApplicationContext
INFO  2025-05-19 16:29:53.872   o.s.b.w.s.c.ServletWebServerApplicationContext - Root WebApplicationContext: initialization completed in 1315 ms
INFO  2025-05-19 16:29:53.903   com.zaxxer.hikari.HikariDataSource - HikariPool-1 - Starting...
INFO  2025-05-19 16:29:54.142   com.zaxxer.hikari.pool.HikariPool - HikariPool-1 - Added connection com.mysql.cj.jdbc.ConnectionImpl@9ae7cf3
INFO  2025-05-19 16:29:54.143   com.zaxxer.hikari.HikariDataSource - HikariPool-1 - Start completed.
INFO  2025-05-19 16:29:54.150   o.s.b.a.h.H2ConsoleAutoConfiguration - H2 console available at '/h2-console'. Database available at 'jdbc:mysql://localhost:3306/stock_mng'
INFO  2025-05-19 16:29:54.591   o.s.o.j.p.SpringPersistenceUnitInfo - No LoadTimeWeaver setup: ignoring JPA class transformer
INFO  2025-05-19 16:29:55.496   o.s.o.j.LocalContainerEntityManagerFactoryBean - Initialized JPA EntityManagerFactory for persistence unit 'default'
INFO  2025-05-19 16:29:55.693   o.s.d.j.r.query.QueryEnhancerFactory - Hibernate is in classpath; If applicable, HQL parser will be used.
WARN  2025-05-19 16:29:56.142   o.s.b.a.o.j.JpaBaseConfiguration$JpaWebConfiguration - spring.jpa.open-in-view is enabled by default. Therefore, database queries may be performed during view rendering. Explicitly configure spring.jpa.open-in-view to disable this warning
INFO  2025-05-19 16:29:56.364   o.s.s.web.DefaultSecurityFilterChain - Will secure any request with [org.springframework.security.web.session.DisableEncodeUrlFilter@164f8a2b, org.springframework.security.web.context.request.async.WebAsyncManagerIntegrationFilter@487ed8df, org.springframework.security.web.context.SecurityContextHolderFilter@16feeabd, org.springframework.security.web.header.HeaderWriterFilter@69944b14, org.springframework.security.web.csrf.CsrfFilter@fdd3501, org.springframework.security.web.authentication.logout.LogoutFilter@4c264647, org.springframework.security.web.authentication.UsernamePasswordAuthenticationFilter@7c282252, org.springframework.security.web.savedrequest.RequestCacheAwareFilter@dcf56cd, org.springframework.security.web.servletapi.SecurityContextHolderAwareRequestFilter@50a09857, org.springframework.security.web.authentication.AnonymousAuthenticationFilter@75f94930, org.springframework.security.web.access.ExceptionTranslationFilter@7696c07b, org.springframework.security.web.access.intercept.AuthorizationFilter@4393af82]
INFO  2025-05-19 16:29:56.572   o.s.b.d.a.OptionalLiveReloadServer - LiveReload server is running on port 35729
INFO  2025-05-19 16:29:56.587   o.a.coyote.http11.Http11NioProtocol - Starting ProtocolHandler ["http-nio-8080"]
INFO  2025-05-19 16:29:56.605   o.s.b.w.e.tomcat.TomcatWebServer - Tomcat started on port 8080 (http) with context path ''
INFO  2025-05-19 16:29:56.613   c.d.w.DroneInventorySystemApplication - Started DroneInventorySystemApplication in 4.438 seconds (process running for 5.102)
INFO  2025-05-19 16:30:27.005   o.a.c.c.C.[Tomcat].[localhost].[/] - Initializing Spring DispatcherServlet 'dispatcherServlet'
INFO  2025-05-19 16:30:27.005   o.s.web.servlet.DispatcherServlet - Initializing Servlet 'dispatcherServlet'
INFO  2025-05-19 16:30:27.006   o.s.web.servlet.DispatcherServlet - Completed initialization in 1 ms
INFO  2025-05-19 16:30:27.046 0:0:0:0:0:0:0:1 anonymousUser c.d.w.controller.AbstractController - ACCESS: /login
INFO  2025-05-19 16:30:27.049 0:0:0:0:0:0:0:1 anonymousUser c.d.w.controller.AbstractController - APP: GET - index - START
INFO  2025-05-19 16:30:27.049 0:0:0:0:0:0:0:1 anonymousUser c.d.w.controller.AbstractController - APP: GET - index - END
INFO  2025-05-19 16:30:27.324 0:0:0:0:0:0:0:1 anonymousUser c.d.w.controller.AbstractController - ACCESS: /login
INFO  2025-05-19 16:30:27.324 0:0:0:0:0:0:0:1 anonymousUser c.d.w.controller.AbstractController - APP: GET - index - START
INFO  2025-05-19 16:30:27.324 0:0:0:0:0:0:0:1 anonymousUser c.d.w.controller.AbstractController - APP: GET - index - END
INFO  2025-05-19 16:30:27.371 0:0:0:0:0:0:0:1 anonymousUser c.d.w.controller.AbstractController - ACCESS: /login
INFO  2025-05-19 16:30:27.372 0:0:0:0:0:0:0:1 anonymousUser c.d.w.controller.AbstractController - APP: GET - index - START
INFO  2025-05-19 16:30:27.372 0:0:0:0:0:0:0:1 anonymousUser c.d.w.controller.AbstractController - APP: GET - index - END
INFO  2025-05-19 16:30:41.819 0:0:0:0:0:0:0:1 dotlife c.d.w.controller.AbstractController - ACCESS: /admin/partsCategory
INFO  2025-05-19 16:30:41.819 0:0:0:0:0:0:0:1 dotlife c.d.w.controller.AbstractController - APP: GET - index - START
INFO  2025-05-19 16:30:41.874 0:0:0:0:0:0:0:1 dotlife c.d.w.controller.AbstractController - APP: GET - index - END
INFO  2025-05-19 16:30:45.766 0:0:0:0:0:0:0:1 dotlife c.d.w.controller.AbstractController - ACCESS: /admin/partsCategory/register
INFO  2025-05-19 16:30:45.767 0:0:0:0:0:0:0:1 dotlife c.d.w.controller.AbstractController - APP: GET - register - START
INFO  2025-05-19 16:30:45.767 0:0:0:0:0:0:0:1 dotlife c.d.w.controller.AbstractController - APP: GET - register - END
WARN  2025-05-19 16:30:45.823 0:0:0:0:0:0:0:1 dotlife o.s.w.s.m.m.a.ExceptionHandlerExceptionResolver - Resolved [org.springframework.web.servlet.resource.NoResourceFoundException: No static resource js/centerInfo.js.]
ERROR 2025-05-19 16:30:45.842 0:0:0:0:0:0:0:1 dotlife c.d.w.controller.AbstractController - ERROR: GET - handleError - No static resource js/centerInfo.js.
INFO  2025-05-19 16:30:51.091 0:0:0:0:0:0:0:1 dotlife c.d.w.controller.AbstractController - ACCESS: /admin/partsCategory/register
INFO  2025-05-19 16:30:51.091 0:0:0:0:0:0:0:1 dotlife c.d.w.controller.AbstractController - APP: POST - register - START
INFO  2025-05-19 16:30:51.127 0:0:0:0:0:0:0:1 dotlife c.d.w.controller.AbstractController - APP: POST - register - END
INFO  2025-05-19 16:30:51.133 0:0:0:0:0:0:0:1 dotlife c.d.w.controller.AbstractController - ACCESS: /admin/partsCategory
INFO  2025-05-19 16:30:51.133 0:0:0:0:0:0:0:1 dotlife c.d.w.controller.AbstractController - APP: GET - index - START
INFO  2025-05-19 16:30:51.138 0:0:0:0:0:0:0:1 dotlife c.d.w.controller.AbstractController - APP: GET - index - END
INFO  2025-05-19 16:31:38.484 0:0:0:0:0:0:0:1 dotlife c.d.w.controller.AbstractController - ACCESS: /admin/partsCategory/update/1
INFO  2025-05-19 16:31:38.484 0:0:0:0:0:0:0:1 dotlife c.d.w.controller.AbstractController - APP: GET - update - START
INFO  2025-05-19 16:31:38.490 0:0:0:0:0:0:0:1 dotlife c.d.w.controller.AbstractController - APP: GET - update - END
WARN  2025-05-19 16:31:38.527 0:0:0:0:0:0:0:1 dotlife o.s.w.s.m.m.a.ExceptionHandlerExceptionResolver - Resolved [org.springframework.web.servlet.resource.NoResourceFoundException: No static resource js/centerInfo.js.]
ERROR 2025-05-19 16:31:38.533 0:0:0:0:0:0:0:1 dotlife c.d.w.controller.AbstractController - ERROR: GET - handleError - No static resource js/centerInfo.js.
INFO  2025-05-19 16:31:42.816 0:0:0:0:0:0:0:1 dotlife c.d.w.controller.AbstractController - ACCESS: /admin/partsCategory/update/11
INFO  2025-05-19 16:31:42.817 0:0:0:0:0:0:0:1 dotlife c.d.w.controller.AbstractController - APP: GET - update - START
INFO  2025-05-19 16:31:42.822 0:0:0:0:0:0:0:1 dotlife c.d.w.controller.AbstractController - APP: GET - update - END
WARN  2025-05-19 16:31:42.850 0:0:0:0:0:0:0:1 dotlife o.s.w.s.m.m.a.ExceptionHandlerExceptionResolver - Resolved [org.springframework.web.servlet.resource.NoResourceFoundException: No static resource js/centerInfo.js.]
ERROR 2025-05-19 16:31:42.860 0:0:0:0:0:0:0:1 dotlife c.d.w.controller.AbstractController - ERROR: GET - handleError - No static resource js/centerInfo.js.
INFO  2025-05-19 16:31:44.079 0:0:0:0:0:0:0:1 dotlife c.d.w.controller.AbstractController - ACCESS: /admin/partsCategory/update
INFO  2025-05-19 16:31:44.079 0:0:0:0:0:0:0:1 dotlife c.d.w.controller.AbstractController - APP: PATCH - update - START
INFO  2025-05-19 16:31:44.097 0:0:0:0:0:0:0:1 dotlife c.d.w.controller.AbstractController - APP: PATCH - update - END
INFO  2025-05-19 16:31:44.103 0:0:0:0:0:0:0:1 dotlife c.d.w.controller.AbstractController - ACCESS: /admin/partsCategory
INFO  2025-05-19 16:31:44.103 0:0:0:0:0:0:0:1 dotlife c.d.w.controller.AbstractController - APP: GET - index - START
INFO  2025-05-19 16:31:44.106 0:0:0:0:0:0:0:1 dotlife c.d.w.controller.AbstractController - APP: GET - index - END
INFO  2025-05-19 16:31:49.562 0:0:0:0:0:0:0:1 dotlife c.d.w.controller.AbstractController - ACCESS: /admin/partsCategory/update/1
INFO  2025-05-19 16:31:49.563 0:0:0:0:0:0:0:1 dotlife c.d.w.controller.AbstractController - APP: GET - update - START
INFO  2025-05-19 16:31:49.569 0:0:0:0:0:0:0:1 dotlife c.d.w.controller.AbstractController - APP: GET - update - END
WARN  2025-05-19 16:31:49.598 0:0:0:0:0:0:0:1 dotlife o.s.w.s.m.m.a.ExceptionHandlerExceptionResolver - Resolved [org.springframework.web.servlet.resource.NoResourceFoundException: No static resource js/centerInfo.js.]
ERROR 2025-05-19 16:31:49.604 0:0:0:0:0:0:0:1 dotlife c.d.w.controller.AbstractController - ERROR: GET - handleError - No static resource js/centerInfo.js.
INFO  2025-05-19 16:32:00.679 0:0:0:0:0:0:0:1 dotlife c.d.w.controller.AbstractController - ACCESS: /admin/partsCategory/register
INFO  2025-05-19 16:32:00.679 0:0:0:0:0:0:0:1 dotlife c.d.w.controller.AbstractController - APP: GET - register - START
INFO  2025-05-19 16:32:00.680 0:0:0:0:0:0:0:1 dotlife c.d.w.controller.AbstractController - APP: GET - register - END
WARN  2025-05-19 16:32:00.713 0:0:0:0:0:0:0:1 dotlife o.s.w.s.m.m.a.ExceptionHandlerExceptionResolver - Resolved [org.springframework.web.servlet.resource.NoResourceFoundException: No static resource js/centerInfo.js.]
ERROR 2025-05-19 16:32:00.718 0:0:0:0:0:0:0:1 dotlife c.d.w.controller.AbstractController - ERROR: GET - handleError - No static resource js/centerInfo.js.
INFO  2025-05-19 16:32:07.430 0:0:0:0:0:0:0:1 dotlife c.d.w.controller.AbstractController - ACCESS: /admin/partsCategory/register
INFO  2025-05-19 16:32:07.432 0:0:0:0:0:0:0:1 dotlife c.d.w.controller.AbstractController - APP: POST - register - START
ERROR 2025-05-19 16:32:07.432 0:0:0:0:0:0:0:1 dotlife c.d.w.controller.AbstractController - ERROR: POST - getValidationErrorMessage - com.digitalojt.web.form.PartsCategoryForm@391ee16d 不正な入力を検知しました。

INFO  2025-05-19 16:32:07.437 0:0:0:0:0:0:0:1 dotlife c.d.w.controller.AbstractController - ACCESS: /admin/partsCategory/register
INFO  2025-05-19 16:32:07.437 0:0:0:0:0:0:0:1 dotlife c.d.w.controller.AbstractController - APP: GET - register - START
INFO  2025-05-19 16:32:07.437 0:0:0:0:0:0:0:1 dotlife c.d.w.controller.AbstractController - APP: GET - register - END
WARN  2025-05-19 16:32:07.469 0:0:0:0:0:0:0:1 dotlife o.s.w.s.m.m.a.ExceptionHandlerExceptionResolver - Resolved [org.springframework.web.servlet.resource.NoResourceFoundException: No static resource js/centerInfo.js.]
ERROR 2025-05-19 16:32:07.474 0:0:0:0:0:0:0:1 dotlife c.d.w.controller.AbstractController - ERROR: GET - handleError - No static resource js/centerInfo.js.
INFO  2025-05-19 18:07:22.610   o.s.b.a.SpringApplicationAdminMXBeanRegistrar$SpringApplicationAdmin - Application shutdown requested.
INFO  2025-05-19 18:07:22.624   o.a.coyote.http11.Http11NioProtocol - Stopping ProtocolHandler ["http-nio-8080"]
INFO  2025-05-19 18:07:22.704   o.s.o.j.LocalContainerEntityManagerFactoryBean - Closing JPA EntityManagerFactory for persistence unit 'default'
INFO  2025-05-19 18:07:22.712   com.zaxxer.hikari.HikariDataSource - HikariPool-1 - Shutdown initiated...
INFO  2025-05-19 18:07:22.719   com.zaxxer.hikari.HikariDataSource - HikariPool-1 - Shutdown completed.
