INFO  2025-04-22 20:19:46.258   c.d.w.DroneInventorySystemApplication - Starting DroneInventorySystemApplication using Java 17.0.10 with PID 13916 (C:\Users\s-sasagawa\Desktop\DOJT研修\Project\development-PGcourse-DroneInventorySystem\DroneInventorySystem\target\classes started by s-sasagawa in C:\Users\s-sasagawa\Desktop\DOJT研修\Project\development-PGcourse-DroneInventorySystem\DroneInventorySystem)
INFO  2025-04-22 20:19:46.263   c.d.w.DroneInventorySystemApplication - No active profile set, falling back to 1 default profile: "default"
INFO  2025-04-22 20:19:46.307   o.s.b.d.e.DevToolsPropertyDefaultsPostProcessor - Devtools property defaults active! Set 'spring.devtools.add-properties' to 'false' to disable
INFO  2025-04-22 20:19:46.312   o.s.b.d.e.DevToolsPropertyDefaultsPostProcessor - For additional web related logging consider setting the 'logging.level.web' property to 'DEBUG'
INFO  2025-04-22 20:19:46.855   o.s.d.r.c.RepositoryConfigurationDelegate - Bootstrapping Spring Data JPA repositories in DEFAULT mode.
INFO  2025-04-22 20:19:46.908   o.s.d.r.c.RepositoryConfigurationDelegate - Finished Spring Data repository scanning in 48 ms. Found 4 JPA repository interfaces.
INFO  2025-04-22 20:19:47.335   o.s.b.w.e.tomcat.TomcatWebServer - Tomcat initialized with port 8080 (http)
INFO  2025-04-22 20:19:47.347   o.a.coyote.http11.Http11NioProtocol - Initializing ProtocolHandler ["http-nio-8080"]
INFO  2025-04-22 20:19:47.350   o.a.catalina.core.StandardService - Starting service [Tomcat]
INFO  2025-04-22 20:19:47.351   o.a.catalina.core.StandardEngine - Starting Servlet engine: [Apache Tomcat/10.1.28]
INFO  2025-04-22 20:19:47.386   o.a.c.c.C.[Tomcat].[localhost].[/] - Initializing Spring embedded WebApplicationContext
INFO  2025-04-22 20:19:47.386   o.s.b.w.s.c.ServletWebServerApplicationContext - Root WebApplicationContext: initialization completed in 1073 ms
INFO  2025-04-22 20:19:47.408   com.zaxxer.hikari.HikariDataSource - HikariPool-1 - Starting...
INFO  2025-04-22 20:19:47.675   com.zaxxer.hikari.pool.HikariPool - HikariPool-1 - Added connection com.mysql.cj.jdbc.ConnectionImpl@7aaac4c
INFO  2025-04-22 20:19:47.676   com.zaxxer.hikari.HikariDataSource - HikariPool-1 - Start completed.
INFO  2025-04-22 20:19:47.684   o.s.b.a.h.H2ConsoleAutoConfiguration - H2 console available at '/h2-console'. Database available at 'jdbc:mysql://localhost:3306/stock_mng'
INFO  2025-04-22 20:19:48.015   o.s.o.j.p.SpringPersistenceUnitInfo - No LoadTimeWeaver setup: ignoring JPA class transformer
INFO  2025-04-22 20:19:48.846   o.s.o.j.LocalContainerEntityManagerFactoryBean - Initialized JPA EntityManagerFactory for persistence unit 'default'
INFO  2025-04-22 20:19:49.005   o.s.d.j.r.query.QueryEnhancerFactory - Hibernate is in classpath; If applicable, HQL parser will be used.
WARN  2025-04-22 20:19:49.384   o.s.b.a.o.j.JpaBaseConfiguration$JpaWebConfiguration - spring.jpa.open-in-view is enabled by default. Therefore, database queries may be performed during view rendering. Explicitly configure spring.jpa.open-in-view to disable this warning
INFO  2025-04-22 20:19:49.566   o.s.s.web.DefaultSecurityFilterChain - Will secure any request with [org.springframework.security.web.session.DisableEncodeUrlFilter@9766e93, org.springframework.security.web.context.request.async.WebAsyncManagerIntegrationFilter@3bb6ed35, org.springframework.security.web.context.SecurityContextHolderFilter@6d91b7ad, org.springframework.security.web.header.HeaderWriterFilter@5771731b, org.springframework.security.web.csrf.CsrfFilter@2a53a3fa, org.springframework.security.web.authentication.logout.LogoutFilter@7b75cb10, org.springframework.security.web.authentication.UsernamePasswordAuthenticationFilter@26535c87, org.springframework.security.web.savedrequest.RequestCacheAwareFilter@57f414ab, org.springframework.security.web.servletapi.SecurityContextHolderAwareRequestFilter@73b2679a, org.springframework.security.web.authentication.AnonymousAuthenticationFilter@73d39a0, org.springframework.security.web.access.ExceptionTranslationFilter@60d31002, org.springframework.security.web.access.intercept.AuthorizationFilter@1f75b0f8]
INFO  2025-04-22 20:19:49.739   o.s.b.d.a.OptionalLiveReloadServer - LiveReload server is running on port 35729
INFO  2025-04-22 20:19:49.753   o.a.coyote.http11.Http11NioProtocol - Starting ProtocolHandler ["http-nio-8080"]
INFO  2025-04-22 20:19:49.768   o.s.b.w.e.tomcat.TomcatWebServer - Tomcat started on port 8080 (http) with context path ''
INFO  2025-04-22 20:19:49.775   c.d.w.DroneInventorySystemApplication - Started DroneInventorySystemApplication in 3.869 seconds (process running for 4.533)
INFO  2025-04-22 20:19:53.966   o.a.c.c.C.[Tomcat].[localhost].[/] - Initializing Spring DispatcherServlet 'dispatcherServlet'
INFO  2025-04-22 20:19:53.967   o.s.web.servlet.DispatcherServlet - Initializing Servlet 'dispatcherServlet'
INFO  2025-04-22 20:19:53.967   o.s.web.servlet.DispatcherServlet - Completed initialization in 0 ms
INFO  2025-04-22 20:19:54.046 0:0:0:0:0:0:0:1 anonymousUser c.d.w.controller.AbstractController - ACCESS: /login
INFO  2025-04-22 20:19:54.048 0:0:0:0:0:0:0:1 anonymousUser c.d.w.controller.AbstractController - APP: GET - index - START
INFO  2025-04-22 20:19:54.049 0:0:0:0:0:0:0:1 anonymousUser c.d.w.controller.AbstractController - APP: GET - index - END
INFO  2025-04-22 20:19:54.263 0:0:0:0:0:0:0:1 anonymousUser c.d.w.controller.AbstractController - ACCESS: /login
INFO  2025-04-22 20:19:54.263 0:0:0:0:0:0:0:1 anonymousUser c.d.w.controller.AbstractController - APP: GET - index - START
INFO  2025-04-22 20:19:54.263 0:0:0:0:0:0:0:1 anonymousUser c.d.w.controller.AbstractController - APP: GET - index - END
INFO  2025-04-22 20:19:54.344 0:0:0:0:0:0:0:1 anonymousUser c.d.w.controller.AbstractController - ACCESS: /login
INFO  2025-04-22 20:19:54.344 0:0:0:0:0:0:0:1 anonymousUser c.d.w.controller.AbstractController - APP: GET - index - START
INFO  2025-04-22 20:19:54.344 0:0:0:0:0:0:0:1 anonymousUser c.d.w.controller.AbstractController - APP: GET - index - END
INFO  2025-04-22 20:23:03.241   o.s.b.a.SpringApplicationAdminMXBeanRegistrar$SpringApplicationAdmin - Application shutdown requested.
INFO  2025-04-22 20:23:03.246   o.a.coyote.http11.Http11NioProtocol - Stopping ProtocolHandler ["http-nio-8080"]
INFO  2025-04-22 20:23:03.556   o.s.o.j.LocalContainerEntityManagerFactoryBean - Closing JPA EntityManagerFactory for persistence unit 'default'
INFO  2025-04-22 20:23:03.562   com.zaxxer.hikari.HikariDataSource - HikariPool-1 - Shutdown initiated...
INFO  2025-04-22 20:23:03.583   com.zaxxer.hikari.HikariDataSource - HikariPool-1 - Shutdown completed.
